mingming@bohan:~/vgg16_finetune_mutli_label$ ./run.sh
Using Theano backend.
WARNING (theano.sandbox.cuda): The cuda backend is deprecated and will be removed in the next release (v0.10).  Please switch to the gpuarray backend. You can get more information about how to switch at this URL:
 https://github.com/Theano/Theano/wiki/Converting-to-the-new-gpu-back-end%28gpuarray%29

Using gpu device 0: GeForce GTX 1070 (CNMeM is disabled, cuDNN 5105)
data/VOCdevkit/VOC2007/ImageSets/Main/train.txt
('total objects: ', 3424)
{'sheep': 16, 'horse': 12, 'bicycle': 1, 'aeroplane': 0, 'cow': 9, 'sofa': 17, 'bus': 5, 'dog': 11, 'cat': 7, 'person': 14, 'train': 18, 'diningtable': 10, 'bottle': 4, 'car': 6, 'pottedplant': 15, 'tvmonitor': 19, 'chair': 8, 'bird': 2, 'boat': 3, 'motorbike': 13}
('samples counts:', 2223)
data/VOCdevkit/VOC2007/ImageSets/Main/val.txt
('total objects: ', 3298)
{'sheep': 16, 'horse': 12, 'bicycle': 1, 'aeroplane': 0, 'cow': 9, 'sofa': 17, 'bus': 5, 'dog': 11, 'cat': 7, 'person': 14, 'train': 18, 'diningtable': 10, 'bottle': 4, 'car': 6, 'pottedplant': 15, 'tvmonitor': 19, 'chair': 8, 'bird': 2, 'boat': 3, 'motorbike': 13}
('samples counts:', 2208)
Train on 2223 samples, validate on 2208 samples
Epoch 1/30
2208/2223 [============================>.] - ETA: 1s - loss: 1.1411 - acc: 0.5790 - precision: 0.0041 - recall: 0.6764 - f1: 0.0082
epoch end: positive rate: 0.257598, precision: 0.006715, recall: 0.733346, accuracy: 0.743503, loss original: 0.615320, loss_now: 0.945979, n_true_sum: 2064672.000000, y_pred_sum: 557401.000000
2223/2223 [==============================] - 281s - loss: 1.1400 - acc: 0.5796 - precision: 0.0041 - recall: 0.6767 - f1: 0.0082 - val_loss: 0.9460 - val_acc: 0.7435 - val_precision: 0.0067 - val_recall: 0.7346 - val_f1: 0.0133
Epoch 2/30
2208/2223 [============================>.] - ETA: 1s - loss: 0.9760 - acc: 0.7033 - precision: 0.0063 - recall: 0.7407 - f1: 0.0124
epoch end: positive rate: 0.205963, precision: 0.008374, recall: 0.731191, accuracy: 0.795127, loss original: 0.527996, loss_now: 0.860312, n_true_sum: 2064956.000000, y_pred_sum: 445672.000000
2223/2223 [==============================] - 281s - loss: 0.9753 - acc: 0.7035 - precision: 0.0063 - recall: 0.7413 - f1: 0.0124 - val_loss: 0.8603 - val_acc: 0.7951 - val_precision: 0.0084 - val_recall: 0.7332 - val_f1: 0.0165
Epoch 3/30
2208/2223 [============================>.] - ETA: 1s - loss: 0.9064 - acc: 0.7569 - precision: 0.0076 - recall: 0.7397 - f1: 0.0150
epoch end: positive rate: 0.182817, precision: 0.009492, recall: 0.735698, accuracy: 0.818295, loss original: 0.464467, loss_now: 0.810534, n_true_sum: 2064077.000000, y_pred_sum: 395586.000000
2223/2223 [==============================] - 279s - loss: 0.9063 - acc: 0.7570 - precision: 0.0076 - recall: 0.7392 - f1: 0.0150 - val_loss: 0.8105 - val_acc: 0.8183 - val_precision: 0.0095 - val_recall: 0.7382 - val_f1: 0.0187
Epoch 4/30
2208/2223 [============================>.] - ETA: 1s - loss: 0.8532 - acc: 0.7831 - precision: 0.0087 - recall: 0.7579 - f1: 0.0172
epoch end: positive rate: 0.167110, precision: 0.010473, recall: 0.741967, accuracy: 0.834032, loss original: 0.436840, loss_now: 0.781787, n_true_sum: 2064654.000000, y_pred_sum: 361599.000000
2223/2223 [==============================] - 278s - loss: 0.8539 - acc: 0.7832 - precision: 0.0087 - recall: 0.7576 - f1: 0.0172 - val_loss: 0.7818 - val_acc: 0.8340 - val_precision: 0.0105 - val_recall: 0.7442 - val_f1: 0.0206
Epoch 5/30
2208/2223 [============================>.] - ETA: 1s - loss: 0.8071 - acc: 0.7980 - precision: 0.0095 - recall: 0.7700 - f1: 0.0187
epoch end: positive rate: 0.147219, precision: 0.011722, recall: 0.731583, accuracy: 0.853873, loss original: 0.380862, loss_now: 0.754533, n_true_sum: 2064845.000000, y_pred_sum: 318559.000000
2223/2223 [==============================] - 278s - loss: 0.8073 - acc: 0.7981 - precision: 0.0095 - recall: 0.7702 - f1: 0.0188 - val_loss: 0.7545 - val_acc: 0.8539 - val_precision: 0.0117 - val_recall: 0.7342 - val_f1: 0.0230
Epoch 6/30
2208/2223 [============================>.] - ETA: 1s - loss: 0.7539 - acc: 0.8172 - precision: 0.0107 - recall: 0.7861 - f1: 0.0212
epoch end: positive rate: 0.142721, precision: 0.012259, recall: 0.741771, accuracy: 0.858419, loss original: 0.366840, loss_now: 0.730684, n_true_sum: 2064927.000000, y_pred_sum: 308826.000000
2223/2223 [==============================] - 279s - loss: 0.7532 - acc: 0.8173 - precision: 0.0107 - recall: 0.7862 - f1: 0.0212 - val_loss: 0.7307 - val_acc: 0.8584 - val_precision: 0.0122 - val_recall: 0.7441 - val_f1: 0.0241
Epoch 7/30
2208/2223 [============================>.] - ETA: 1s - loss: 0.7032 - acc: 0.8283 - precision: 0.0118 - recall: 0.8117 - f1: 0.0232
epoch end: positive rate: 0.120047, precision: 0.014159, recall: 0.720611, accuracy: 0.880993, loss original: 0.317429, loss_now: 0.709566, n_true_sum: 2064937.000000, y_pred_sum: 259763.000000
2223/2223 [==============================] - 254s - loss: 0.7030 - acc: 0.8283 - precision: 0.0118 - recall: 0.8116 - f1: 0.0232 - val_loss: 0.7096 - val_acc: 0.8810 - val_precision: 0.0141 - val_recall: 0.7225 - val_f1: 0.0277
Epoch 8/30
2208/2223 [============================>.] - ETA: 0s - loss: 0.6514 - acc: 0.8437 - precision: 0.0132 - recall: 0.8293 - f1: 0.0260
epoch end: positive rate: 0.131231, precision: 0.013530, recall: 0.752743, accuracy: 0.869961, loss original: 0.334754, loss_now: 0.694711, n_true_sum: 2064742.000000, y_pred_sum: 283963.000000
2223/2223 [==============================] - 149s - loss: 0.6514 - acc: 0.8437 - precision: 0.0132 - recall: 0.8285 - f1: 0.0260 - val_loss: 0.6947 - val_acc: 0.8700 - val_precision: 0.0135 - val_recall: 0.7549 - val_f1: 0.0265
Epoch 9/30
2208/2223 [============================>.] - ETA: 0s - loss: 0.5951 - acc: 0.8562 - precision: 0.0149 - recall: 0.8603 - f1: 0.0292
epoch end: positive rate: 0.104566, precision: 0.016512, recall: 0.731975, accuracy: 0.896528, loss original: 0.278770, loss_now: 0.679237, n_true_sum: 2064637.000000, y_pred_sum: 226265.000000
2223/2223 [==============================] - 149s - loss: 0.5948 - acc: 0.8561 - precision: 0.0148 - recall: 0.8604 - f1: 0.0292 - val_loss: 0.6792 - val_acc: 0.8965 - val_precision: 0.0165 - val_recall: 0.7348 - val_f1: 0.0322
Epoch 10/30
2208/2223 [============================>.] - ETA: 0s - loss: 0.5315 - acc: 0.8728 - precision: 0.0171 - recall: 0.8806 - f1: 0.0336
epoch end: positive rate: 0.093511, precision: 0.017886, recall: 0.709052, accuracy: 0.907476, loss original: 0.246512, loss_now: 0.691434, n_true_sum: 2064435.000000, y_pred_sum: 202342.000000
2223/2223 [==============================] - 153s - loss: 0.5310 - acc: 0.8729 - precision: 0.0171 - recall: 0.8806 - f1: 0.0336 - val_loss: 0.6914 - val_acc: 0.9075 - val_precision: 0.0178 - val_recall: 0.7109 - val_f1: 0.0348
Epoch 11/30
2208/2223 [============================>.] - ETA: 0s - loss: 0.4770 - acc: 0.8860 - precision: 0.0197 - recall: 0.9064 - f1: 0.0385
epoch end: positive rate: 0.077027, precision: 0.020885, recall: 0.682014, accuracy: 0.923831, loss original: 0.212677, loss_now: 0.714329, n_true_sum: 2065128.000000, y_pred_sum: 166675.000000
2223/2223 [==============================] - 150s - loss: 0.4767 - acc: 0.8860 - precision: 0.0197 - recall: 0.9062 - f1: 0.0384 - val_loss: 0.7143 - val_acc: 0.9238 - val_precision: 0.0208 - val_recall: 0.6837 - val_f1: 0.0404
Epoch 12/30
2208/2223 [============================>.] - ETA: 0s - loss: 0.4281 - acc: 0.8979 - precision: 0.0220 - recall: 0.9150 - f1: 0.0429
epoch end: positive rate: 0.066032, precision: 0.023642, recall: 0.661834, accuracy: 0.934732, loss original: 0.183317, loss_now: 0.747501, n_true_sum: 2064262.000000, y_pred_sum: 142882.000000
2223/2223 [==============================] - 149s - loss: 0.4283 - acc: 0.8979 - precision: 0.0221 - recall: 0.9152 - f1: 0.0430 - val_loss: 0.7475 - val_acc: 0.9347 - val_precision: 0.0236 - val_recall: 0.6638 - val_f1: 0.0455
Epoch 13/30
2208/2223 [============================>.] - ETA: 0s - loss: 0.3875 - acc: 0.9083 - precision: 0.0250 - recall: 0.9326 - f1: 0.0486
epoch end: positive rate: 0.057916, precision: 0.026189, recall: 0.643025, accuracy: 0.942759, loss original: 0.161325, loss_now: 0.784071, n_true_sum: 2064547.000000, y_pred_sum: 125320.000000
2223/2223 [==============================] - 149s - loss: 0.3881 - acc: 0.9084 - precision: 0.0250 - recall: 0.9324 - f1: 0.0487 - val_loss: 0.7841 - val_acc: 0.9428 - val_precision: 0.0261 - val_recall: 0.6452 - val_f1: 0.0501
Epoch 14/30
2208/2223 [============================>.] - ETA: 0s - loss: 0.3414 - acc: 0.9199 - precision: 0.0288 - recall: 0.9411 - f1: 0.0557
epoch end: positive rate: 0.054590, precision: 0.027607, recall: 0.638911, accuracy: 0.946066, loss original: 0.158310, loss_now: 0.768825, n_true_sum: 2064331.000000, y_pred_sum: 118123.000000
2223/2223 [==============================] - 149s - loss: 0.3420 - acc: 0.9199 - precision: 0.0288 - recall: 0.9412 - f1: 0.0558 - val_loss: 0.7688 - val_acc: 0.9461 - val_precision: 0.0276 - val_recall: 0.6396 - val_f1: 0.0528
Epoch 15/30
2208/2223 [============================>.] - ETA: 0s - loss: 0.3146 - acc: 0.9273 - precision: 0.0318 - recall: 0.9464 - f1: 0.0616
epoch end: positive rate: 0.050119, precision: 0.029645, recall: 0.629898, accuracy: 0.950494, loss original: 0.149208, loss_now: 0.852365, n_true_sum: 2065136.000000, y_pred_sum: 108450.000000
2223/2223 [==============================] - 150s - loss: 0.3145 - acc: 0.9274 - precision: 0.0318 - recall: 0.9462 - f1: 0.0615 - val_loss: 0.8524 - val_acc: 0.9505 - val_precision: 0.0296 - val_recall: 0.6326 - val_f1: 0.0564
Epoch 16/30
2208/2223 [============================>.] - ETA: 0s - loss: 0.2834 - acc: 0.9343 - precision: 0.0355 - recall: 0.9572 - f1: 0.0684
epoch end: positive rate: 0.041018, precision: 0.033620, recall: 0.584639, accuracy: 0.959381, loss original: 0.123150, loss_now: 0.855510, n_true_sum: 2064936.000000, y_pred_sum: 88756.000000
2223/2223 [==============================] - 150s - loss: 0.2836 - acc: 0.9343 - precision: 0.0354 - recall: 0.9570 - f1: 0.0683 - val_loss: 0.8555 - val_acc: 0.9594 - val_precision: 0.0336 - val_recall: 0.5847 - val_f1: 0.0634
Epoch 17/30
2208/2223 [============================>.] - ETA: 0s - loss: 0.2541 - acc: 0.9410 - precision: 0.0396 - recall: 0.9614 - f1: 0.0760
epoch end: positive rate: 0.038924, precision: 0.035345, recall: 0.583268, accuracy: 0.961469, loss original: 0.112753, loss_now: 0.966704, n_true_sum: 2063912.000000, y_pred_sum: 84226.000000
2223/2223 [==============================] - 151s - loss: 0.2539 - acc: 0.9411 - precision: 0.0396 - recall: 0.9612 - f1: 0.0759 - val_loss: 0.9667 - val_acc: 0.9615 - val_precision: 0.0354 - val_recall: 0.5850 - val_f1: 0.0666
Epoch 18/30
2208/2223 [============================>.] - ETA: 0s - loss: 0.2415 - acc: 0.9453 - precision: 0.0424 - recall: 0.9599 - f1: 0.0810
epoch end: positive rate: 0.033783, precision: 0.039465, recall: 0.565243, accuracy: 0.966524, loss original: 0.099787, loss_now: 1.035836, n_true_sum: 2064961.000000, y_pred_sum: 73102.000000
2223/2223 [==============================] - 150s - loss: 0.2411 - acc: 0.9453 - precision: 0.0423 - recall: 0.9599 - f1: 0.0810 - val_loss: 1.0358 - val_acc: 0.9665 - val_precision: 0.0395 - val_recall: 0.5667 - val_f1: 0.0736
Epoch 19/30
2208/2223 [============================>.] - ETA: 0s - loss: 0.2210 - acc: 0.9499 - precision: 0.0465 - recall: 0.9669 - f1: 0.0886
epoch end: positive rate: 0.028855, precision: 0.043932, recall: 0.537422, accuracy: 0.971321, loss original: 0.090305, loss_now: 1.079430, n_true_sum: 2064689.000000, y_pred_sum: 62438.000000
2223/2223 [==============================] - 150s - loss: 0.2209 - acc: 0.9500 - precision: 0.0465 - recall: 0.9669 - f1: 0.0886 - val_loss: 1.0794 - val_acc: 0.9713 - val_precision: 0.0438 - val_recall: 0.5386 - val_f1: 0.0809
Epoch 20/30
2208/2223 [============================>.] - ETA: 0s - loss: 0.2072 - acc: 0.9542 - precision: 0.0508 - recall: 0.9700 - f1: 0.0964
epoch end: positive rate: 0.028749, precision: 0.044093, recall: 0.537422, accuracy: 0.971427, loss original: 0.089070, loss_now: 1.113142, n_true_sum: 2064836.000000, y_pred_sum: 62209.000000
2223/2223 [==============================] - 150s - loss: 0.2072 - acc: 0.9542 - precision: 0.0507 - recall: 0.9700 - f1: 0.0963 - val_loss: 1.1131 - val_acc: 0.9714 - val_precision: 0.0441 - val_recall: 0.5381 - val_f1: 0.0814
Epoch 21/30
2208/2223 [============================>.] - ETA: 0s - loss: 0.1954 - acc: 0.9567 - precision: 0.0536 - recall: 0.9692 - f1: 0.1015
epoch end: positive rate: 0.025581, precision: 0.048326, recall: 0.524099, accuracy: 0.974533, loss original: 0.079946, loss_now: 1.118864, n_true_sum: 2064918.000000, y_pred_sum: 55353.000000
2223/2223 [==============================] - 150s - loss: 0.1949 - acc: 0.9568 - precision: 0.0537 - recall: 0.9692 - f1: 0.1017 - val_loss: 1.1189 - val_acc: 0.9745 - val_precision: 0.0484 - val_recall: 0.5249 - val_f1: 0.0884
Epoch 22/30
2208/2223 [============================>.] - ETA: 0s - loss: 0.1773 - acc: 0.9603 - precision: 0.0583 - recall: 0.9728 - f1: 0.1099
epoch end: positive rate: 0.025188, precision: 0.048676, recall: 0.519788, accuracy: 0.974905, loss original: 0.078955, loss_now: 1.210272, n_true_sum: 2064403.000000, y_pred_sum: 54503.000000
2223/2223 [==============================] - 150s - loss: 0.1774 - acc: 0.9603 - precision: 0.0582 - recall: 0.9728 - f1: 0.1097 - val_loss: 1.2103 - val_acc: 0.9749 - val_precision: 0.0486 - val_recall: 0.5219 - val_f1: 0.0887
Epoch 23/30
2208/2223 [============================>.] - ETA: 0s - loss: 0.1652 - acc: 0.9633 - precision: 0.0630 - recall: 0.9759 - f1: 0.1183
epoch end: positive rate: 0.022032, precision: 0.052293, recall: 0.488440, accuracy: 0.977913, loss original: 0.068157, loss_now: 1.287383, n_true_sum: 2064714.000000, y_pred_sum: 47674.000000
2223/2223 [==============================] - 149s - loss: 0.1649 - acc: 0.9633 - precision: 0.0631 - recall: 0.9760 - f1: 0.1184 - val_loss: 1.2874 - val_acc: 0.9779 - val_precision: 0.0524 - val_recall: 0.4897 - val_f1: 0.0943
Epoch 24/30
2208/2223 [============================>.] - ETA: 0s - loss: 0.1561 - acc: 0.9655 - precision: 0.0668 - recall: 0.9755 - f1: 0.1249
epoch end: positive rate: 0.020308, precision: 0.055800, recall: 0.480408, accuracy: 0.979600, loss original: 0.064781, loss_now: 1.296977, n_true_sum: 2064853.000000, y_pred_sum: 43943.000000
2223/2223 [==============================] - 149s - loss: 0.1558 - acc: 0.9656 - precision: 0.0668 - recall: 0.9753 - f1: 0.1249 - val_loss: 1.2970 - val_acc: 0.9796 - val_precision: 0.0562 - val_recall: 0.4823 - val_f1: 0.1003
Epoch 25/30
2208/2223 [============================>.] - ETA: 0s - loss: 0.1518 - acc: 0.9668 - precision: 0.0694 - recall: 0.9778 - f1: 0.1294
epoch end: positive rate: 0.020668, precision: 0.055767, recall: 0.488636, accuracy: 0.979279, loss original: 0.064872, loss_now: 1.285303, n_true_sum: 2064691.000000, y_pred_sum: 44722.000000
2223/2223 [==============================] - 150s - loss: 0.1517 - acc: 0.9669 - precision: 0.0694 - recall: 0.9777 - f1: 0.1295 - val_loss: 1.2853 - val_acc: 0.9793 - val_precision: 0.0558 - val_recall: 0.4893 - val_f1: 0.0998
Epoch 26/30
2208/2223 [============================>.] - ETA: 0s - loss: 0.1373 - acc: 0.9701 - precision: 0.0767 - recall: 0.9788 - f1: 0.1420
epoch end: positive rate: 0.017998, precision: 0.060728, recall: 0.463362, accuracy: 0.981830, loss original: 0.058258, loss_now: 1.421186, n_true_sum: 2064947.000000, y_pred_sum: 38944.000000
2223/2223 [==============================] - 149s - loss: 0.1373 - acc: 0.9701 - precision: 0.0766 - recall: 0.9789 - f1: 0.1419 - val_loss: 1.4212 - val_acc: 0.9818 - val_precision: 0.0609 - val_recall: 0.4650 - val_f1: 0.1073
Epoch 27/30
2208/2223 [============================>.] - ETA: 0s - loss: 0.1277 - acc: 0.9718 - precision: 0.0812 - recall: 0.9801 - f1: 0.1498
epoch end: positive rate: 0.017567, precision: 0.062244, recall: 0.463558, accuracy: 0.982261, loss original: 0.057144, loss_now: 1.443019, n_true_sum: 2064716.000000, y_pred_sum: 38012.000000
2223/2223 [==============================] - 150s - loss: 0.1275 - acc: 0.9718 - precision: 0.0812 - recall: 0.9802 - f1: 0.1498 - val_loss: 1.4430 - val_acc: 0.9823 - val_precision: 0.0625 - val_recall: 0.4655 - val_f1: 0.1098
Epoch 28/30
2208/2223 [============================>.] - ETA: 0s - loss: 0.1226 - acc: 0.9734 - precision: 0.0856 - recall: 0.9828 - f1: 0.1573
epoch end: positive rate: 0.017141, precision: 0.064382, recall: 0.467868, accuracy: 0.982707, loss original: 0.055406, loss_now: 1.508182, n_true_sum: 2064913.000000, y_pred_sum: 37091.000000
2223/2223 [==============================] - 150s - loss: 0.1227 - acc: 0.9734 - precision: 0.0856 - recall: 0.9827 - f1: 0.1573 - val_loss: 1.5082 - val_acc: 0.9827 - val_precision: 0.0647 - val_recall: 0.4692 - val_f1: 0.1132
Epoch 29/30
2208/2223 [============================>.] - ETA: 0s - loss: 0.1129 - acc: 0.9752 - precision: 0.0914 - recall: 0.9843 - f1: 0.1670
epoch end: positive rate: 0.014037, precision: 0.073025, recall: 0.434561, accuracy: 0.985655, loss original: 0.046552, loss_now: 1.602257, n_true_sum: 2064842.000000, y_pred_sum: 30373.000000
2223/2223 [==============================] - 149s - loss: 0.1128 - acc: 0.9752 - precision: 0.0914 - recall: 0.9844 - f1: 0.1670 - val_loss: 1.6023 - val_acc: 0.9857 - val_precision: 0.0731 - val_recall: 0.4362 - val_f1: 0.1246
Epoch 30/30
2208/2223 [============================>.] - ETA: 0s - loss: 0.1094 - acc: 0.9765 - precision: 0.0962 - recall: 0.9833 - f1: 0.1750
epoch end: positive rate: 0.012871, precision: 0.076191, recall: 0.415752, accuracy: 0.986731, loss original: 0.044800, loss_now: 1.583367, n_true_sum: 2065170.000000, y_pred_sum: 27851.000000
2223/2223 [==============================] - 150s - loss: 0.1091 - acc: 0.9765 - precision: 0.0961 - recall: 0.9834 - f1: 0.1748 - val_loss: 1.5834 - val_acc: 0.9867 - val_precision: 0.0763 - val_recall: 0.4187 - val_f1: 0.1285
2208/2208 [==============================] - 26s
[[  1.13320409e-03   5.76734856e-05   7.54534267e-05 ...,   1.26183179e-04
    2.33406303e-04   2.47773976e-04]
 [  5.73015586e-02   5.44401985e-07   4.83004851e-06 ...,   9.46623368e-06
    1.37379993e-06   4.80613744e-05]
 [  6.88048836e-04   7.27879757e-04   1.09311321e-03 ...,   1.64477911e-03
    1.72514550e-03   2.73541943e-03]
 ...,
 [  1.50291366e-03   2.56533246e-03   9.66578373e-04 ...,   9.00698069e-04
    2.75787292e-03   6.92164619e-03]
 [  6.98822259e-05   6.39359814e-06   1.89500188e-05 ...,   1.12927388e-04
    8.10530764e-05   7.54414868e-05]
 [  6.74844894e-04   1.49019688e-04   3.56672740e-06 ...,   1.18856296e-04
    2.24343210e-04   1.66337006e-04]]
12.3568986926
{'acc': [0.5796023939195325, 0.70350831377039713, 0.75698357595284138, 0.78319103555318959, 0.79810469270127882, 0.81725375897917618, 0.82829739119198964, 0.8437494843112312, 0.85612795618917836, 0.87285016363824319, 0.88602274964641892, 0.89791328028628703, 0.90840195815840985, 0.91989130344789838, 0.92735685095077047, 0.93425551133278084, 0.94108898624663839, 0.9453262276226907, 0.94996465295486177, 0.95417894563104355, 0.95683301731213433, 0.96027568922458983, 0.96328274738772512, 0.96557648796998752, 0.96687092882418924, 0.97007307883484428, 0.97182608755440314, 0.97340282981480453, 0.97516180741803049, 0.97651775702130295], 'loss': [1.1399940111269244, 0.97532565079988043, 0.90628663036558366, 0.85391038388107687, 0.80727198085857843, 0.75324463332176639, 0.70302149997978025, 0.65143920304911451, 0.59482360556487079, 0.53102794462530878, 0.47672208360707602, 0.42828782780235863, 0.38805358966513365, 0.34195205862866401, 0.31448156605472555, 0.28357179320132042, 0.25389830760064558, 0.24112121489366539, 0.22089429866661642, 0.20720831309145654, 0.1949056987987946, 0.17740286127222157, 0.16489456710290437, 0.15577668353439289, 0.15166740670458348, 0.13725330364553981, 0.12753271677850123, 0.12274217839531677, 0.11284879676484869, 0.10914911627032121], 'f1': [0.008236507941297164, 0.012430421005074795, 0.015040338251386148, 0.017226104111357471, 0.018776447710372068, 0.021160445738712841, 0.023175900337821291, 0.025978093271387143, 0.029167485477430456, 0.033594882000929804, 0.038449399945800815, 0.043029634986664331, 0.048662715263453574, 0.055762032830347842, 0.061503642165360556, 0.068280831480409671, 0.075899497896191562, 0.081010029031599748, 0.088632526768524802, 0.096336041582606682, 0.10169202505576948, 0.10970809730628671, 0.11835466187867934, 0.12491180719929239, 0.12946484421241192, 0.14191954642252722, 0.14978425938081377, 0.1573079152521227, 0.16699036524148872, 0.17475903573815907], 'recall': [0.67667821463946554, 0.7412999857935989, 0.73923036838189149, 0.75764894201258948, 0.77016610971614685, 0.78615333505219509, 0.81160372897841826, 0.82848655895987344, 0.86039027752663921, 0.8805878746901018, 0.90624980946891331, 0.91515419298713396, 0.93243190500042328, 0.94118552437463543, 0.94617087938632183, 0.95703272150810159, 0.96116575809196481, 0.95990283063977777, 0.96694866328211559, 0.97002033979786551, 0.96922039848911934, 0.97275940464575761, 0.97604681444875951, 0.97533917963317107, 0.97772998633923103, 0.978940548040928, 0.98024031218246888, 0.98274677640620622, 0.9844323791902021, 0.98344007055340077], 'precision': [0.0041449304552370909, 0.0062700096451607417, 0.0076004909967322424, 0.0087164852967602253, 0.0095088117598005895, 0.010730167986591335, 0.011762976623800119, 0.013202968516876796, 0.014843854262630548, 0.01713599396171572, 0.019655253636779359, 0.022051267727230831, 0.025005402133116784, 0.028766542521451596, 0.031814872372260355, 0.035434919444226595, 0.039551292080641648, 0.042330115802294489, 0.046496013590828875, 0.0507433529485736, 0.053726161499576854, 0.058217997905294264, 0.063071738353759066, 0.066823567988981925, 0.06940729811526182, 0.076618351903628826, 0.081212980732207785, 0.085615089789093268, 0.091394490525092936, 0.096113657229422875], 'val_acc': [0.74350275466407556, 0.79512718190317566, 0.81829525292783545, 0.83403163241303491, 0.85387320838112757, 0.85841929437457654, 0.88099351395731385, 0.86996127125145728, 0.89652793217396387, 0.9074755984803905, 0.92383124603741407, 0.93473177284434217, 0.94275916788889014, 0.94606578911560169, 0.95049356766369031, 0.95938146978184802, 0.96146850223126623, 0.96652432628299878, 0.97132135258204699, 0.97142718494802283, 0.97453277525694471, 0.97490526023118396, 0.97791333777317102, 0.97959969268328906, 0.97927850571231567, 0.98182952360830444, 0.98226116921590723, 0.98270713203195215, 0.98565467112306238, 0.9867314588332522], 'val_f1': [0.013299708376112192, 0.016538081798648487, 0.018712517204761938, 0.020607952001518097, 0.023013920421995546, 0.024056137046790209, 0.027674140415383852, 0.026478182497447815, 0.032201303655038711, 0.034794774473361344, 0.040364269356148827, 0.045459413118120552, 0.050148158145231617, 0.052765671001828232, 0.056419590852506786, 0.063374632726544922, 0.066645667226850128, 0.073616487257506538, 0.080859755179372383, 0.081388324634104531, 0.088442341276053063, 0.088747987658649247, 0.094309925439133163, 0.10028805575616982, 0.09975131884541201, 0.10733531226498494, 0.10980202816426754, 0.11320815378449102, 0.12459241291103156, 0.12850563557467598], 'val_precision': [0.0067126839236099868, 0.0083665314292454204, 0.0094802976700652762, 0.010453146285093997, 0.011695765684345279, 0.012231644290242937, 0.014115220742246163, 0.013481649819869494, 0.016471533037290192, 0.017846137049027544, 0.020813514876678801, 0.023558849651042536, 0.026118232841616955, 0.027552641779724239, 0.02956499815311121, 0.033561351695570396, 0.035400844489534698, 0.039450540558259556, 0.04380932126356208, 0.044135021329250027, 0.048439396396819233, 0.048633160029092563, 0.052366826345847134, 0.056194819375008774, 0.055750122509788773, 0.060937306236313736, 0.062519015028964786, 0.064663052707370647, 0.0730552295681791, 0.076310160448369774], 'val_loss': [0.94597924446714099, 0.86031192238780041, 0.81053406950356299, 0.78178743478180701, 0.75453265205673548, 0.73068440953890479, 0.70956625929777173, 0.69471080881961877, 0.67923754648022028, 0.69143361328304676, 0.71432919843473297, 0.74750101976636529, 0.78407144114591076, 0.76882555065811542, 0.85236637877381372, 0.85551018581010296, 0.96670647030291346, 1.0358403033536414, 1.079434253167415, 1.1131471505631572, 1.1188694199790126, 1.2102801324664683, 1.2873922482780789, 1.2969864580942236, 1.2853124513142351, 1.4211993480938068, 1.4430340809234674, 1.5081998001838075, 1.6022767109283502, 1.583384230516959], 'val_recall': [0.73459932078485901, 0.73317108767620032, 0.73823066098966461, 0.74417177533757861, 0.73420822641987726, 0.74405036629110144, 0.72250418991282361, 0.7548897089301676, 0.73484204493571015, 0.71092112599939539, 0.68366636767767475, 0.6638139950624411, 0.64517609818258148, 0.63962383978608728, 0.63256107076354651, 0.58468642226163892, 0.58501828148745105, 0.5667014282898627, 0.53857433245233866, 0.53808940029230667, 0.52492249357527576, 0.52192513871452084, 0.48968771931485855, 0.48229252590217453, 0.48925579058519308, 0.46497033158506174, 0.46554059945586801, 0.46920988935491315, 0.43623918748420215, 0.41865337586057361]}
mv: cannot stat ‘nohup.out’: No such file or directory
mingming@bohan:~/vgg16_finetune_mutli_label$
